[2017-08-12 00:30:11 #3529.0]	NOTICE	Server is shutdown now.
[2017-08-12 00:30:11 $3530.0]	WARNING	swSignal_callback: signal[1] callback is null.
[2017-08-12 00:30:11 *3540.4]	WARNING	swSignalfd_onSignal: signal[1] callback is null.
[2017-08-12 00:30:11 *3542.6]	WARNING	swSignalfd_onSignal: signal[1] callback is null.
[2017-08-12 00:30:11 *3539.3]	WARNING	swSignalfd_onSignal: signal[1] callback is null.
[2017-08-12 00:30:11 *3543.7]	WARNING	swSignalfd_onSignal: signal[1] callback is null.
[2017-08-12 00:30:11 *3538.2]	WARNING	swSignalfd_onSignal: signal[1] callback is null.
[2017-08-12 11:48:36 *3734.7]	ERROR	swFactoryProcess_finish (ERROR 1004): send 42 byte failed, because connection[fd=3] is closed.
[2017-08-12 11:48:36 *3734.7]	ERROR	swFactoryProcess_finish (ERROR 1004): send 55 byte failed, because connection[fd=3] is closed.
[2017-08-12 11:48:57 *3734.7]	ERROR	swFactoryProcess_finish (ERROR 1004): send 46 byte failed, because connection[fd=5] is closed.
[2017-08-12 11:48:57 *3734.7]	ERROR	swFactoryProcess_finish (ERROR 1004): send 55 byte failed, because connection[fd=5] is closed.
[2017-08-12 11:49:57 *3727.0]	ERROR	zm_deactivate_swoole (ERROR 503): Fatal error: Uncaught RedisException: read error on connection in /home/alex/www/zcg/socketServer:93
Stack trace:
#0 /home/alex/www/zcg/socketServer(93): Redis->set('init_user_3', 6)
#1 [internal function]: socketServer->onMessage(Object(swoole_websocket_server), Object(swoole_websocket_frame))
#2 /home/alex/www/zcg/socketServer(55): swoole_http_server->start()
#3 /home/alex/www/zcg/socketServer(179): socketServer->__construct()
#4 /home/alex/www/zcg/socketServer(185): soc
[2017-08-12 11:49:57 $3721.0]	WARNING	swManager_check_exit_status: worker#0 abnormal exit, status=255, signal=0
[2017-08-12 11:50:30 *3734.7]	ERROR	zm_deactivate_swoole (ERROR 503): Fatal error: Uncaught RedisException: read error on connection in /home/alex/www/zcg/socketServer:116
Stack trace:
#0 /home/alex/www/zcg/socketServer(116): Redis->lLen('message_receive...')
#1 [internal function]: socketServer->onMessage(Object(swoole_websocket_server), Object(swoole_websocket_frame))
#2 /home/alex/www/zcg/socketServer(55): swoole_http_server->start()
#3 /home/alex/www/zcg/socketServer(179): socketServer->__construct()
#4 /home/alex/www/zcg/socketServer(18
[2017-08-12 11:50:30 $3721.0]	WARNING	swManager_check_exit_status: worker#7 abnormal exit, status=255, signal=0
[2017-08-12 12:01:47 *4767.7]	ERROR	zm_deactivate_swoole (ERROR 503): Fatal error: Uncaught RedisException: read error on connection in /home/alex/www/zcg/socketServer:116
Stack trace:
#0 /home/alex/www/zcg/socketServer(116): Redis->lLen('message_receive...')
#1 [internal function]: socketServer->onMessage(Object(swoole_websocket_server), Object(swoole_websocket_frame))
#2 /home/alex/www/zcg/socketServer(55): swoole_http_server->start()
#3 /home/alex/www/zcg/socketServer(179): socketServer->__construct()
#4 /home/alex/www/zcg/socketServer(18
[2017-08-12 12:01:47 $4753.0]	WARNING	swManager_check_exit_status: worker#7 abnormal exit, status=255, signal=0
[2017-08-12 12:02:25 *5395.7]	ERROR	zm_deactivate_swoole (ERROR 503): Fatal error: Uncaught RedisException: read error on connection in /home/alex/www/zcg/socketServer:116
Stack trace:
#0 /home/alex/www/zcg/socketServer(116): Redis->lLen('message_receive...')
#1 [internal function]: socketServer->onMessage(Object(swoole_websocket_server), Object(swoole_websocket_frame))
#2 /home/alex/www/zcg/socketServer(55): swoole_http_server->start()
#3 /home/alex/www/zcg/socketServer(179): socketServer->__construct()
#4 /home/alex/www/zcg/socketServer(18
[2017-08-12 12:02:25 $4753.0]	WARNING	swManager_check_exit_status: worker#7 abnormal exit, status=255, signal=0
[2017-08-12 12:23:36 *5544.7]	ERROR	zm_deactivate_swoole (ERROR 503): Fatal error: Uncaught RedisException: read error on connection in /home/alex/www/zcg/socketServer:116
Stack trace:
#0 /home/alex/www/zcg/socketServer(116): Redis->lLen('message_receive...')
#1 [internal function]: socketServer->onMessage(Object(swoole_websocket_server), Object(swoole_websocket_frame))
#2 /home/alex/www/zcg/socketServer(55): swoole_http_server->start()
#3 /home/alex/www/zcg/socketServer(179): socketServer->__construct()
#4 /home/alex/www/zcg/socketServer(18
[2017-08-12 12:23:36 $4753.0]	WARNING	swManager_check_exit_status: worker#7 abnormal exit, status=255, signal=0
[2017-08-12 12:28:23 *8242.7]	ERROR	swFactoryProcess_finish (ERROR 1004): send 46 byte failed, because connection[fd=2] is closed.
[2017-08-12 12:28:23 *8242.7]	ERROR	swFactoryProcess_finish (ERROR 1004): send 55 byte failed, because connection[fd=2] is closed.
[2017-08-12 12:28:30 *8235.0]	ERROR	swFactoryProcess_finish (ERROR 1004): send 43 byte failed, because connection[fd=3] is closed.
[2017-08-12 12:28:30 *8235.0]	ERROR	swFactoryProcess_finish (ERROR 1004): send 55 byte failed, because connection[fd=3] is closed.
[2017-08-12 12:28:30 *8235.0]	ERROR	swFactoryProcess_finish (ERROR 1004): send 43 byte failed, because connection[fd=3] is closed.
[2017-08-12 12:28:30 *8242.7]	ERROR	zm_deactivate_swoole (ERROR 503): Fatal error: Uncaught RedisException: read error on connection in /home/alex/www/zcg/socketServer:93
Stack trace:
#0 /home/alex/www/zcg/socketServer(93): Redis->set('init_user_3', 4)
#1 [internal function]: socketServer->onMessage(Object(swoole_websocket_server), Object(swoole_websocket_frame))
#2 /home/alex/www/zcg/socketServer(55): swoole_http_server->start()
#3 /home/alex/www/zcg/socketServer(179): socketServer->__construct()
#4 /home/alex/www/zcg/socketServer(185): soc
[2017-08-12 12:28:30 $8229.0]	WARNING	swManager_check_exit_status: worker#7 abnormal exit, status=255, signal=0
[2017-08-12 12:56:25 *8306.7]	ERROR	zm_deactivate_swoole (ERROR 503): Fatal error: Uncaught RedisException: read error on connection in /home/alex/www/zcg/socketServer:116
Stack trace:
#0 /home/alex/www/zcg/socketServer(116): Redis->lLen('message_receive...')
#1 [internal function]: socketServer->onMessage(Object(swoole_websocket_server), Object(swoole_websocket_frame))
#2 /home/alex/www/zcg/socketServer(55): swoole_http_server->start()
#3 /home/alex/www/zcg/socketServer(179): socketServer->__construct()
#4 /home/alex/www/zcg/socketServer(18
[2017-08-12 12:56:25 $8229.0]	WARNING	swManager_check_exit_status: worker#7 abnormal exit, status=255, signal=0
[2017-08-12 13:03:10 *9822.7]	ERROR	swFactoryProcess_finish (ERROR 1004): send 46 byte failed, because connection[fd=24] is closed.
[2017-08-12 13:03:10 *9822.7]	ERROR	swFactoryProcess_finish (ERROR 1004): send 55 byte failed, because connection[fd=24] is closed.
[2017-08-12 13:04:10 *8235.0]	ERROR	zm_deactivate_swoole (ERROR 503): Fatal error: Uncaught RedisException: read error on connection in /home/alex/www/zcg/socketServer:93
Stack trace:
#0 /home/alex/www/zcg/socketServer(93): Redis->set('init_user_3', 25)
#1 [internal function]: socketServer->onMessage(Object(swoole_websocket_server), Object(swoole_websocket_frame))
#2 /home/alex/www/zcg/socketServer(55): swoole_http_server->start()
#3 /home/alex/www/zcg/socketServer(179): socketServer->__construct()
#4 /home/alex/www/zcg/socketServer(185): so
[2017-08-12 13:04:10 $8229.0]	WARNING	swManager_check_exit_status: worker#0 abnormal exit, status=255, signal=0
[2017-08-12 16:07:32 *13208.6]	WARNING	swSignalfd_onSignal: signal[1] callback is null.
[2017-08-12 16:07:32 *13202.0]	WARNING	swSignalfd_onSignal: signal[1] callback is null.
[2017-08-12 16:07:32 $13196.0]	WARNING	swSignal_callback: signal[1] callback is null.
[2017-08-12 16:07:32 #13195.0]	WARNING	swSignalfd_onSignal: signal[1] callback is null.
[2017-08-12 16:07:32 *13207.5]	WARNING	swSignalfd_onSignal: signal[1] callback is null.
[2017-08-12 16:07:32 *13206.4]	WARNING	swSignalfd_onSignal: signal[1] callback is null.
[2017-08-12 16:07:32 *13205.3]	WARNING	swSignalfd_onSignal: signal[1] callback is null.
[2017-08-12 16:07:32 *13204.2]	WARNING	swSignalfd_onSignal: signal[1] callback is null.
[2017-08-12 16:07:32 *13203.1]	WARNING	swSignalfd_onSignal: signal[1] callback is null.
[2017-08-12 16:07:32 *13209.7]	WARNING	swSignalfd_onSignal: signal[1] callback is null.
[2017-08-12 16:08:20 *13209.7]	ERROR	zm_deactivate_swoole (ERROR 9003): worker process is terminated by exit()/die().
[2017-08-12 16:09:10 *13202.0]	ERROR	zm_deactivate_swoole (ERROR 9003): worker process is terminated by exit()/die().
[2017-08-12 16:09:18 *13203.1]	ERROR	zm_deactivate_swoole (ERROR 9003): worker process is terminated by exit()/die().
[2017-08-12 16:09:48 *13204.2]	ERROR	zm_deactivate_swoole (ERROR 9003): worker process is terminated by exit()/die().
[2017-08-12 16:09:51 *13205.3]	ERROR	zm_deactivate_swoole (ERROR 9003): worker process is terminated by exit()/die().
[2017-08-12 16:10:46 *13206.4]	ERROR	zm_deactivate_swoole (ERROR 9003): worker process is terminated by exit()/die().
[2017-08-12 16:11:26 *13207.5]	ERROR	zm_deactivate_swoole (ERROR 9003): worker process is terminated by exit()/die().
[2017-08-12 16:13:29 *13208.6]	ERROR	zm_deactivate_swoole (ERROR 9003): worker process is terminated by exit()/die().
[2017-08-12 16:13:55 *13388.7]	ERROR	zm_deactivate_swoole (ERROR 9003): worker process is terminated by exit()/die().
[2017-08-12 16:16:07 *13569.1]	ERROR	zm_deactivate_swoole (ERROR 503): Fatal error: Uncaught RedisException: read error on connection in /home/alex/www/zcg/socketServer:116
Stack trace:
#0 /home/alex/www/zcg/socketServer(116): Redis->lLen('message_receive...')
#1 [internal function]: socketServer->onMessage(Object(swoole_websocket_server), Object(swoole_websocket_frame))
#2 /home/alex/www/zcg/socketServer(55): swoole_http_server->start()
#3 /home/alex/www/zcg/socketServer(180): socketServer->__construct()
#4 /home/alex/www/zcg/socketServer(18
[2017-08-12 16:16:07 $13196.0]	WARNING	swManager_check_exit_status: worker#1 abnormal exit, status=255, signal=0
[2017-08-12 16:16:32 #13195.0]	NOTICE	Server is shutdown now.
[2017-08-12 16:20:02 *14719.7]	ERROR	zm_deactivate_swoole (ERROR 503): Fatal error: Uncaught RedisException: read error on connection in /home/alex/www/zcg/socketServer:116
Stack trace:
#0 /home/alex/www/zcg/socketServer(116): Redis->lLen('message_receive...')
#1 [internal function]: socketServer->onMessage(Object(swoole_websocket_server), Object(swoole_websocket_frame))
#2 /home/alex/www/zcg/socketServer(55): swoole_http_server->start()
#3 /home/alex/www/zcg/socketServer(180): socketServer->__construct()
#4 /home/alex/www/zcg/socketServer(18
[2017-08-12 16:20:02 $14706.0]	WARNING	swManager_check_exit_status: worker#7 abnormal exit, status=255, signal=0
[2017-08-12 16:25:07 *15690.7]	ERROR	swFactoryProcess_finish (ERROR 1004): send 46 byte failed, because connection[fd=1] is closed.
[2017-08-12 16:25:07 *15690.7]	ERROR	swFactoryProcess_finish (ERROR 1004): send 55 byte failed, because connection[fd=1] is closed.
[2017-08-12 16:25:31 *15683.0]	ERROR	swFactoryProcess_finish (ERROR 1004): send 44 byte failed, because connection[fd=2] is closed.
[2017-08-12 16:25:31 *15683.0]	ERROR	swFactoryProcess_finish (ERROR 1004): send 55 byte failed, because connection[fd=2] is closed.
[2017-08-12 16:31:08 *16646.7]	ERROR	zm_deactivate_swoole (ERROR 503): Fatal error: Uncaught RedisException: read error on connection in /home/alex/www/zcg/socketServer:116
Stack trace:
#0 /home/alex/www/zcg/socketServer(116): Redis->lLen('message_receive...')
#1 [internal function]: socketServer->onMessage(Object(swoole_websocket_server), Object(swoole_websocket_frame))
#2 /home/alex/www/zcg/socketServer(55): swoole_http_server->start()
#3 /home/alex/www/zcg/socketServer(181): socketServer->__construct()
#4 /home/alex/www/zcg/socketServer(18
[2017-08-12 16:31:08 $16633.0]	WARNING	swManager_check_exit_status: worker#7 abnormal exit, status=255, signal=0
[2017-08-12 17:47:46 *18620.7]	ERROR	zm_deactivate_swoole (ERROR 503): Fatal error: Uncaught RedisException: read error on connection in /home/alex/www/zcg/socketServer:116
Stack trace:
#0 /home/alex/www/zcg/socketServer(116): Redis->lLen('message_receive...')
#1 [internal function]: socketServer->onMessage(Object(swoole_websocket_server), Object(swoole_websocket_frame))
#2 /home/alex/www/zcg/socketServer(55): swoole_http_server->start()
#3 /home/alex/www/zcg/socketServer(180): socketServer->__construct()
#4 /home/alex/www/zcg/socketServer(18
[2017-08-12 17:47:46 $18607.0]	WARNING	swManager_check_exit_status: worker#7 abnormal exit, status=255, signal=0
[2017-08-12 17:54:51 *20122.7]	ERROR	swFactoryProcess_finish (ERROR 1004): send 46 byte failed, because connection[fd=1] is closed.
[2017-08-12 17:54:51 *20122.7]	ERROR	swFactoryProcess_finish (ERROR 1004): send 55 byte failed, because connection[fd=1] is closed.
[2017-08-12 19:36:30 *23406.7]	ERROR	zm_deactivate_swoole (ERROR 503): Fatal error: Uncaught RedisException: read error on connection in /home/alex/www/zcg/socketServer:115
Stack trace:
#0 /home/alex/www/zcg/socketServer(115): Redis->lLen('message_receive...')
#1 [internal function]: socketServer->onMessage(Object(swoole_websocket_server), Object(swoole_websocket_frame))
#2 /home/alex/www/zcg/socketServer(54): swoole_http_server->start()
#3 /home/alex/www/zcg/socketServer(181): socketServer->__construct()
#4 /home/alex/www/zcg/socketServer(18
[2017-08-12 19:36:30 $23393.0]	WARNING	swManager_check_exit_status: worker#7 abnormal exit, status=255, signal=0
[2017-08-12 19:42:59 *24007.7]	ERROR	zm_deactivate_swoole (ERROR 503): Fatal error: Uncaught RedisException: read error on connection in /home/alex/www/zcg/socketServer:116
Stack trace:
#0 /home/alex/www/zcg/socketServer(116): Redis->lLen('message_receive...')
#1 [internal function]: socketServer->onMessage(Object(swoole_websocket_server), Object(swoole_websocket_frame))
#2 /home/alex/www/zcg/socketServer(54): swoole_http_server->start()
#3 /home/alex/www/zcg/socketServer(182): socketServer->__construct()
#4 /home/alex/www/zcg/socketServer(18
[2017-08-12 19:42:59 $23993.0]	WARNING	swManager_check_exit_status: worker#7 abnormal exit, status=255, signal=0
[2017-08-12 19:45:10 *24446.7]	ERROR	zm_deactivate_swoole (ERROR 503): Fatal error: Uncaught RedisException: read error on connection in /home/alex/www/zcg/socketServer:116
Stack trace:
#0 /home/alex/www/zcg/socketServer(116): Redis->lLen('message_receive...')
#1 [internal function]: socketServer->onMessage(Object(swoole_websocket_server), Object(swoole_websocket_frame))
#2 /home/alex/www/zcg/socketServer(54): swoole_http_server->start()
#3 /home/alex/www/zcg/socketServer(182): socketServer->__construct()
#4 /home/alex/www/zcg/socketServer(18
[2017-08-12 19:45:10 $24433.0]	WARNING	swManager_check_exit_status: worker#7 abnormal exit, status=255, signal=0
