
2017-04-10 07:08:02 [127.0.0.1][-][7fnop5rukdtfhgbus2pv7jcv96][error][yii\db\Exception] PDOException: SQLSTATE[HY000] [2002] No such file or directory in /home/alex/wwwroot/demo/vendor/yiisoft/yii2/db/Connection.php:630
Stack trace:
#0 /home/alex/wwwroot/demo/vendor/yiisoft/yii2/db/Connection.php(630): PDO->__construct('mysql:host=loca...', 'root', '', NULL)
#1 /home/alex/wwwroot/demo/vendor/yiisoft/yii2/db/Connection.php(563): yii\db\Connection->createPdoInstance()
#2 /home/alex/wwwroot/demo/vendor/yiisoft/yii2/db/Connection.php(896): yii\db\Connection->open()
#3 /home/alex/wwwroot/demo/vendor/yiisoft/yii2/db/Connection.php(883): yii\db\Connection->getMasterPdo()
#4 /home/alex/wwwroot/demo/vendor/yiisoft/yii2/db/Schema.php(483): yii\db\Connection->getSlavePdo()
#5 /home/alex/wwwroot/demo/vendor/yiisoft/yii2/db/Connection.php(792): yii\db\Schema->quoteValue('alex')
#6 /home/alex/wwwroot/demo/vendor/yiisoft/yii2/db/Command.php(175): yii\db\Connection->quoteValue('alex')
#7 /home/alex/wwwroot/demo/vendor/yiisoft/yii2/db/Command.php(871): yii\db\Command->getRawSql()
#8 /home/alex/wwwroot/demo/vendor/yiisoft/yii2/db/Command.php(388): yii\db\Command->queryInternal('fetchColumn', 0)
#9 /home/alex/wwwroot/demo/vendor/yiisoft/yii2/db/Query.php(395): yii\db\Command->queryScalar()
#10 /home/alex/wwwroot/demo/vendor/yiisoft/yii2/validators/UniqueValidator.php(160): yii\db\Query->exists()
#11 /home/alex/wwwroot/demo/vendor/yiisoft/yii2/validators/UniqueValidator.php(133): yii\validators\UniqueValidator->modelExists('\\common\\models\\...', Array, Object(frontend\models\SignupForm))
#12 /home/alex/wwwroot/demo/vendor/yiisoft/yii2/validators/Validator.php(267): yii\validators\UniqueValidator->validateAttribute(Object(frontend\models\SignupForm), 'username')
#13 /home/alex/wwwroot/demo/vendor/yiisoft/yii2/base/Model.php(358): yii\validators\Validator->validateAttributes(Object(frontend\models\SignupForm), Array)
#14 /home/alex/wwwroot/demo/frontend/models/SignupForm.php(46): yii\base\Model->validate()
#15 /home/alex/wwwroot/demo/frontend/controllers/SiteController.php(153): frontend\models\SignupForm->signup()
#16 [internal function]: frontend\controllers\SiteController->actionSignup()
#17 /home/alex/wwwroot/demo/vendor/yiisoft/yii2/base/InlineAction.php(57): call_user_func_array(Array, Array)
#18 /home/alex/wwwroot/demo/vendor/yiisoft/yii2/base/Controller.php(156): yii\base\InlineAction->runWithParams(Array)
#19 /home/alex/wwwroot/demo/vendor/yiisoft/yii2/base/Module.php(523): yii\base\Controller->runAction('signup', Array)
#20 /home/alex/wwwroot/demo/vendor/yiisoft/yii2/web/Application.php(102): yii\base\Module->runAction('site/signup', Array)
#21 /home/alex/wwwroot/demo/vendor/yiisoft/yii2/base/Application.php(380): yii\web\Application->handleRequest(Object(yii\web\Request))
#22 /home/alex/wwwroot/demo/frontend/web/index.php(17): yii\base\Application->run()
#23 {main}

Next yii\db\Exception: SQLSTATE[HY000] [2002] No such file or directory in /home/alex/wwwroot/demo/vendor/yiisoft/yii2/db/Connection.php:568
Stack trace:
#0 /home/alex/wwwroot/demo/vendor/yiisoft/yii2/db/Connection.php(896): yii\db\Connection->open()
#1 /home/alex/wwwroot/demo/vendor/yiisoft/yii2/db/Connection.php(883): yii\db\Connection->getMasterPdo()
#2 /home/alex/wwwroot/demo/vendor/yiisoft/yii2/db/Schema.php(483): yii\db\Connection->getSlavePdo()
#3 /home/alex/wwwroot/demo/vendor/yiisoft/yii2/db/Connection.php(792): yii\db\Schema->quoteValue('alex')
#4 /home/alex/wwwroot/demo/vendor/yiisoft/yii2/db/Command.php(175): yii\db\Connection->quoteValue('alex')
#5 /home/alex/wwwroot/demo/vendor/yiisoft/yii2/db/Command.php(871): yii\db\Command->getRawSql()
#6 /home/alex/wwwroot/demo/vendor/yiisoft/yii2/db/Command.php(388): yii\db\Command->queryInternal('fetchColumn', 0)
#7 /home/alex/wwwroot/demo/vendor/yiisoft/yii2/db/Query.php(395): yii\db\Command->queryScalar()
#8 /home/alex/wwwroot/demo/vendor/yiisoft/yii2/validators/UniqueValidator.php(160): yii\db\Query->exists()
#9 /home/alex/wwwroot/demo/vendor/yiisoft/yii2/validators/UniqueValidator.php(133): yii\validators\UniqueValidator->modelExists('\\common\\models\\...', Array, Object(frontend\models\SignupForm))
#10 /home/alex/wwwroot/demo/vendor/yiisoft/yii2/validators/Validator.php(267): yii\validators\UniqueValidator->validateAttribute(Object(frontend\models\SignupForm), 'username')
#11 /home/alex/wwwroot/demo/vendor/yiisoft/yii2/base/Model.php(358): yii\validators\Validator->validateAttributes(Object(frontend\models\SignupForm), Array)
#12 /home/alex/wwwroot/demo/frontend/models/SignupForm.php(46): yii\base\Model->validate()
#13 /home/alex/wwwroot/demo/frontend/controllers/SiteController.php(153): frontend\models\SignupForm->signup()
#14 [internal function]: frontend\controllers\SiteController->actionSignup()
#15 /home/alex/wwwroot/demo/vendor/yiisoft/yii2/base/InlineAction.php(57): call_user_func_array(Array, Array)
#16 /home/alex/wwwroot/demo/vendor/yiisoft/yii2/base/Controller.php(156): yii\base\InlineAction->runWithParams(Array)
#17 /home/alex/wwwroot/demo/vendor/yiisoft/yii2/base/Module.php(523): yii\base\Controller->runAction('signup', Array)
#18 /home/alex/wwwroot/demo/vendor/yiisoft/yii2/web/Application.php(102): yii\base\Module->runAction('site/signup', Array)
#19 /home/alex/wwwroot/demo/vendor/yiisoft/yii2/base/Application.php(380): yii\web\Application->handleRequest(Object(yii\web\Request))
#20 /home/alex/wwwroot/demo/frontend/web/index.php(17): yii\base\Application->run()
#21 {main}
Additional Information:

2017-04-10 07:08:02 [127.0.0.1][-][7fnop5rukdtfhgbus2pv7jcv96][info][application] $_GET = [
    'r' => 'site/signup'
]

$_POST = [
    '_csrf-frontend' => 'UVRPMHJ2bktiBAYHPzMqcyRjAUI6RjkiK2A5VBEpNyEXFQt9OzwEBw=='
    'SignupForm' => [
        'username' => 'alex'
        'email' => 'alex.qiubo@qq.com'
        'password' => 'woshishei'
    ]
    'signup-button' => ''
]

$_COOKIE = [
    'advanced-frontend' => '7fnop5rukdtfhgbus2pv7jcv96'
    '_csrf-frontend' => '3dc4cc39529bb564a7630893c9ef37315213a12fa7936279162005c2a8678e8ba:2:{i:0;s:14:\"_csrf-frontend\";i:1;s:32:\"3PI7MED8u7NrH0Wiz4vdc_YjFADMIJjL\";}'
]

$_SESSION = [
    '__flash' => []
    '__captcha/site/captcha' => 'azjopez'
    '__captcha/site/captchacount' => 1
]

$_SERVER = [
    'USER' => 'www'
    'HOME' => '/home/www'
    'HTTP_COOKIE' => 'advanced-frontend=7fnop5rukdtfhgbus2pv7jcv96; _csrf-frontend=3dc4cc39529bb564a7630893c9ef37315213a12fa7936279162005c2a8678e8ba%3A2%3A%7Bi%3A0%3Bs%3A14%3A%22_csrf-frontend%22%3Bi%3A1%3Bs%3A32%3A%223PI7MED8u7NrH0Wiz4vdc_YjFADMIJjL%22%3B%7D'
    'HTTP_ACCEPT_LANGUAGE' => 'zh-CN,zh;q=0.8'
    'HTTP_ACCEPT_ENCODING' => 'gzip, deflate'
    'HTTP_REFERER' => 'http://my.demo.com/frontend/web/index.php?r=site%2Fsignup'
    'HTTP_ACCEPT' => 'text/html,application/xhtml+xml,application/xml;q=0.9,image/webp,*/*;q=0.8'
    'HTTP_CONTENT_TYPE' => 'application/x-www-form-urlencoded'
    'HTTP_USER_AGENT' => 'Mozilla/5.0 (X11; Linux x86_64) AppleWebKit/537.36 (KHTML, like Gecko) Chrome/55.0.2883.87 Safari/537.36'
    'HTTP_UPGRADE_INSECURE_REQUESTS' => '1'
    'HTTP_ORIGIN' => 'http://my.demo.com'
    'HTTP_CACHE_CONTROL' => 'max-age=0'
    'HTTP_CONTENT_LENGTH' => '197'
    'HTTP_CONNECTION' => 'keep-alive'
    'HTTP_HOST' => 'my.demo.com'
    'REDIRECT_STATUS' => '200'
    'SERVER_NAME' => 'my.demo.com'
    'SERVER_PORT' => '80'
    'SERVER_ADDR' => '127.0.0.1'
    'REMOTE_PORT' => '40014'
    'REMOTE_ADDR' => '127.0.0.1'
    'SERVER_PROTOCOL' => 'HTTP/1.1'
    'DOCUMENT_ROOT' => '/home/alex/wwwroot/demo'
    'DOCUMENT_URI' => '/frontend/web/index.php'
    'REQUEST_URI' => '/frontend/web/index.php?r=site%2Fsignup'
    'SCRIPT_NAME' => '/frontend/web/index.php'
    'SCRIPT_FILENAME' => '/home/alex/wwwroot/demo/frontend/web/index.php'
    'CONTENT_LENGTH' => '197'
    'CONTENT_TYPE' => 'application/x-www-form-urlencoded'
    'REQUEST_METHOD' => 'POST'
    'QUERY_STRING' => 'r=site%2Fsignup'
    'SERVER_SOFTWARE' => 'nginx'
    'GATEWAY_INTERFACE' => 'CGI/1.1'
    'FCGI_ROLE' => 'RESPONDER'
    'PHP_SELF' => '/frontend/web/index.php'
    'REQUEST_TIME_FLOAT' => 1491808082.8362
    'REQUEST_TIME' => 1491808082
]
2017-04-10 07:27:34 [127.0.0.1][-][7fnop5rukdtfhgbus2pv7jcv96][error][yii\db\Exception] PDOException: SQLSTATE[HY000] [2002] No such file or directory in /home/alex/wwwroot/demo/vendor/yiisoft/yii2/db/Connection.php:630
Stack trace:
#0 /home/alex/wwwroot/demo/vendor/yiisoft/yii2/db/Connection.php(630): PDO->__construct('mysql:host=loca...', 'root', 'woshishei', NULL)
#1 /home/alex/wwwroot/demo/vendor/yiisoft/yii2/db/Connection.php(563): yii\db\Connection->createPdoInstance()
#2 /home/alex/wwwroot/demo/vendor/yiisoft/yii2/db/Connection.php(896): yii\db\Connection->open()
#3 /home/alex/wwwroot/demo/vendor/yiisoft/yii2/db/Connection.php(883): yii\db\Connection->getMasterPdo()
#4 /home/alex/wwwroot/demo/vendor/yiisoft/yii2/db/Schema.php(483): yii\db\Connection->getSlavePdo()
#5 /home/alex/wwwroot/demo/vendor/yiisoft/yii2/db/Connection.php(792): yii\db\Schema->quoteValue('alex')
#6 /home/alex/wwwroot/demo/vendor/yiisoft/yii2/db/Command.php(175): yii\db\Connection->quoteValue('alex')
#7 /home/alex/wwwroot/demo/vendor/yiisoft/yii2/db/Command.php(871): yii\db\Command->getRawSql()
#8 /home/alex/wwwroot/demo/vendor/yiisoft/yii2/db/Command.php(388): yii\db\Command->queryInternal('fetchColumn', 0)
#9 /home/alex/wwwroot/demo/vendor/yiisoft/yii2/db/Query.php(395): yii\db\Command->queryScalar()
#10 /home/alex/wwwroot/demo/vendor/yiisoft/yii2/validators/UniqueValidator.php(160): yii\db\Query->exists()
#11 /home/alex/wwwroot/demo/vendor/yiisoft/yii2/validators/UniqueValidator.php(133): yii\validators\UniqueValidator->modelExists('\\common\\models\\...', Array, Object(frontend\models\SignupForm))
#12 /home/alex/wwwroot/demo/vendor/yiisoft/yii2/validators/Validator.php(267): yii\validators\UniqueValidator->validateAttribute(Object(frontend\models\SignupForm), 'username')
#13 /home/alex/wwwroot/demo/vendor/yiisoft/yii2/base/Model.php(358): yii\validators\Validator->validateAttributes(Object(frontend\models\SignupForm), Array)
#14 /home/alex/wwwroot/demo/frontend/models/SignupForm.php(46): yii\base\Model->validate()
#15 /home/alex/wwwroot/demo/frontend/controllers/SiteController.php(153): frontend\models\SignupForm->signup()
#16 [internal function]: frontend\controllers\SiteController->actionSignup()
#17 /home/alex/wwwroot/demo/vendor/yiisoft/yii2/base/InlineAction.php(57): call_user_func_array(Array, Array)
#18 /home/alex/wwwroot/demo/vendor/yiisoft/yii2/base/Controller.php(156): yii\base\InlineAction->runWithParams(Array)
#19 /home/alex/wwwroot/demo/vendor/yiisoft/yii2/base/Module.php(523): yii\base\Controller->runAction('signup', Array)
#20 /home/alex/wwwroot/demo/vendor/yiisoft/yii2/web/Application.php(102): yii\base\Module->runAction('site/signup', Array)
#21 /home/alex/wwwroot/demo/vendor/yiisoft/yii2/base/Application.php(380): yii\web\Application->handleRequest(Object(yii\web\Request))
#22 /home/alex/wwwroot/demo/frontend/web/index.php(17): yii\base\Application->run()
#23 {main}

Next yii\db\Exception: SQLSTATE[HY000] [2002] No such file or directory in /home/alex/wwwroot/demo/vendor/yiisoft/yii2/db/Connection.php:568
Stack trace:
#0 /home/alex/wwwroot/demo/vendor/yiisoft/yii2/db/Connection.php(896): yii\db\Connection->open()
#1 /home/alex/wwwroot/demo/vendor/yiisoft/yii2/db/Connection.php(883): yii\db\Connection->getMasterPdo()
#2 /home/alex/wwwroot/demo/vendor/yiisoft/yii2/db/Schema.php(483): yii\db\Connection->getSlavePdo()
#3 /home/alex/wwwroot/demo/vendor/yiisoft/yii2/db/Connection.php(792): yii\db\Schema->quoteValue('alex')
#4 /home/alex/wwwroot/demo/vendor/yiisoft/yii2/db/Command.php(175): yii\db\Connection->quoteValue('alex')
#5 /home/alex/wwwroot/demo/vendor/yiisoft/yii2/db/Command.php(871): yii\db\Command->getRawSql()
#6 /home/alex/wwwroot/demo/vendor/yiisoft/yii2/db/Command.php(388): yii\db\Command->queryInternal('fetchColumn', 0)
#7 /home/alex/wwwroot/demo/vendor/yiisoft/yii2/db/Query.php(395): yii\db\Command->queryScalar()
#8 /home/alex/wwwroot/demo/vendor/yiisoft/yii2/validators/UniqueValidator.php(160): yii\db\Query->exists()
#9 /home/alex/wwwroot/demo/vendor/yiisoft/yii2/validators/UniqueValidator.php(133): yii\validators\UniqueValidator->modelExists('\\common\\models\\...', Array, Object(frontend\models\SignupForm))
#10 /home/alex/wwwroot/demo/vendor/yiisoft/yii2/validators/Validator.php(267): yii\validators\UniqueValidator->validateAttribute(Object(frontend\models\SignupForm), 'username')
#11 /home/alex/wwwroot/demo/vendor/yiisoft/yii2/base/Model.php(358): yii\validators\Validator->validateAttributes(Object(frontend\models\SignupForm), Array)
#12 /home/alex/wwwroot/demo/frontend/models/SignupForm.php(46): yii\base\Model->validate()
#13 /home/alex/wwwroot/demo/frontend/controllers/SiteController.php(153): frontend\models\SignupForm->signup()
#14 [internal function]: frontend\controllers\SiteController->actionSignup()
#15 /home/alex/wwwroot/demo/vendor/yiisoft/yii2/base/InlineAction.php(57): call_user_func_array(Array, Array)
#16 /home/alex/wwwroot/demo/vendor/yiisoft/yii2/base/Controller.php(156): yii\base\InlineAction->runWithParams(Array)
#17 /home/alex/wwwroot/demo/vendor/yiisoft/yii2/base/Module.php(523): yii\base\Controller->runAction('signup', Array)
#18 /home/alex/wwwroot/demo/vendor/yiisoft/yii2/web/Application.php(102): yii\base\Module->runAction('site/signup', Array)
#19 /home/alex/wwwroot/demo/vendor/yiisoft/yii2/base/Application.php(380): yii\web\Application->handleRequest(Object(yii\web\Request))
#20 /home/alex/wwwroot/demo/frontend/web/index.php(17): yii\base\Application->run()
#21 {main}
Additional Information:

2017-04-10 07:27:34 [127.0.0.1][-][7fnop5rukdtfhgbus2pv7jcv96][info][application] $_GET = [
    'r' => 'site/signup'
]

$_POST = [
    '_csrf-frontend' => 'SWJrUHRxVHMQGigbAwI4QAMEXCUbAmIFGyQqDzcnYQVwNl1gOzodOg=='
    'SignupForm' => [
        'username' => 'alex'
        'email' => 'alex.qiubo@qq.com'
        'password' => 'woshishei'
    ]
    'signup-button' => ''
]

$_COOKIE = [
    'advanced-frontend' => '7fnop5rukdtfhgbus2pv7jcv96'
    'advanced-backend' => 'jdh98tb01i2er9k34v2h54b787'
    '_csrf-backend' => 'e306d86f034d8f86bcb57bb0a3c48ad045a4c7a76a134ccff0b8d2e7c891435ca:2:{i:0;s:13:\"_csrf-backend\";i:1;s:32:\"n0_sKlaIZCZFu-n96PF7yYKPiRyuyJgF\";}'
    '_csrf-frontend' => 'e87334cb5a29c7a559b05444e613794a5dbccee9ef78b9297896f019d0fc8f2aa:2:{i:0;s:14:\"_csrf-frontend\";i:1;s:32:\"YxCKwsl3Jf7uos6vRFA_CV5v9T60OKII\";}'
]

$_SESSION = [
    '__flash' => []
    '__captcha/site/captcha' => 'azjopez'
    '__captcha/site/captchacount' => 1
]

$_SERVER = [
    'USER' => 'www'
    'HOME' => '/home/www'
    'HTTP_COOKIE' => 'advanced-frontend=7fnop5rukdtfhgbus2pv7jcv96; advanced-backend=jdh98tb01i2er9k34v2h54b787; _csrf-backend=e306d86f034d8f86bcb57bb0a3c48ad045a4c7a76a134ccff0b8d2e7c891435ca%3A2%3A%7Bi%3A0%3Bs%3A13%3A%22_csrf-backend%22%3Bi%3A1%3Bs%3A32%3A%22n0_sKlaIZCZFu-n96PF7yYKPiRyuyJgF%22%3B%7D; _csrf-frontend=e87334cb5a29c7a559b05444e613794a5dbccee9ef78b9297896f019d0fc8f2aa%3A2%3A%7Bi%3A0%3Bs%3A14%3A%22_csrf-frontend%22%3Bi%3A1%3Bs%3A32%3A%22YxCKwsl3Jf7uos6vRFA_CV5v9T60OKII%22%3B%7D'
    'HTTP_ACCEPT_LANGUAGE' => 'zh-CN,zh;q=0.8'
    'HTTP_ACCEPT_ENCODING' => 'gzip, deflate'
    'HTTP_REFERER' => 'http://my.demo.com/frontend/web/index.php?r=site%2Fsignup'
    'HTTP_ACCEPT' => 'text/html,application/xhtml+xml,application/xml;q=0.9,image/webp,*/*;q=0.8'
    'HTTP_CONTENT_TYPE' => 'application/x-www-form-urlencoded'
    'HTTP_USER_AGENT' => 'Mozilla/5.0 (X11; Linux x86_64) AppleWebKit/537.36 (KHTML, like Gecko) Chrome/55.0.2883.87 Safari/537.36'
    'HTTP_UPGRADE_INSECURE_REQUESTS' => '1'
    'HTTP_ORIGIN' => 'http://my.demo.com'
    'HTTP_CACHE_CONTROL' => 'max-age=0'
    'HTTP_CONTENT_LENGTH' => '197'
    'HTTP_CONNECTION' => 'keep-alive'
    'HTTP_HOST' => 'my.demo.com'
    'REDIRECT_STATUS' => '200'
    'SERVER_NAME' => 'my.demo.com'
    'SERVER_PORT' => '80'
    'SERVER_ADDR' => '127.0.0.1'
    'REMOTE_PORT' => '40414'
    'REMOTE_ADDR' => '127.0.0.1'
    'SERVER_PROTOCOL' => 'HTTP/1.1'
    'DOCUMENT_ROOT' => '/home/alex/wwwroot/demo'
    'DOCUMENT_URI' => '/frontend/web/index.php'
    'REQUEST_URI' => '/frontend/web/index.php?r=site%2Fsignup'
    'SCRIPT_NAME' => '/frontend/web/index.php'
    'SCRIPT_FILENAME' => '/home/alex/wwwroot/demo/frontend/web/index.php'
    'CONTENT_LENGTH' => '197'
    'CONTENT_TYPE' => 'application/x-www-form-urlencoded'
    'REQUEST_METHOD' => 'POST'
    'QUERY_STRING' => 'r=site%2Fsignup'
    'SERVER_SOFTWARE' => 'nginx'
    'GATEWAY_INTERFACE' => 'CGI/1.1'
    'FCGI_ROLE' => 'RESPONDER'
    'PHP_SELF' => '/frontend/web/index.php'
    'REQUEST_TIME_FLOAT' => 1491809254.1941
    'REQUEST_TIME' => 1491809254
]
2017-04-10 08:19:12 [127.0.0.1][-][-][error][yii\base\InvalidParamException] yii\base\InvalidParamException: Invalid path alias: @app\views\user in /home/alex/wwwroot/demo/vendor/yiisoft/yii2/BaseYii.php:152
Stack trace:
#0 /home/alex/wwwroot/demo/vendor/yiisoft/yii2-gii/generators/crud/Generator.php(208): yii\BaseYii::getAlias('@app\\views\\user')
#1 /home/alex/wwwroot/demo/vendor/yiisoft/yii2-gii/generators/crud/Generator.php(175): yii\gii\generators\crud\Generator->getViewPath()
#2 /home/alex/wwwroot/demo/vendor/yiisoft/yii2-gii/controllers/DefaultController.php(50): yii\gii\generators\crud\Generator->generate()
#3 [internal function]: yii\gii\controllers\DefaultController->actionView('crud')
#4 /home/alex/wwwroot/demo/vendor/yiisoft/yii2/base/InlineAction.php(57): call_user_func_array(Array, Array)
#5 /home/alex/wwwroot/demo/vendor/yiisoft/yii2/base/Controller.php(156): yii\base\InlineAction->runWithParams(Array)
#6 /home/alex/wwwroot/demo/vendor/yiisoft/yii2/base/Module.php(523): yii\base\Controller->runAction('view', Array)
#7 /home/alex/wwwroot/demo/vendor/yiisoft/yii2/web/Application.php(102): yii\base\Module->runAction('gii/default/vie...', Array)
#8 /home/alex/wwwroot/demo/vendor/yiisoft/yii2/base/Application.php(380): yii\web\Application->handleRequest(Object(yii\web\Request))
#9 /home/alex/wwwroot/demo/frontend/web/index.php(17): yii\base\Application->run()
#10 {main}
2017-04-10 08:19:12 [127.0.0.1][-][-][info][application] $_GET = [
    'r' => 'gii/default/view'
    'id' => 'crud'
]

$_POST = [
    '_csrf-frontend' => 'LkdTcUp0U3J3PxA6PQc/QWQhZAQlB2UEfAESLgkiZgQXE2VBBT8aOw=='
    'Generator' => [
        'modelClass' => 'app\\models\\User'
        'searchModelClass' => 'app\\models\\UserSearch'
        'controllerClass' => 'app\\controllers\\UserController'
        'viewPath' => '@app\\views\\user'
        'baseControllerClass' => 'yii\\web\\Controller'
        'indexWidgetType' => 'grid'
        'enableI18N' => '0'
        'enablePjax' => '0'
        'messageCategory' => 'app'
        'template' => 'default'
    ]
    'preview' => ''
]

$_COOKIE = [
    '_csrf-backend' => 'e306d86f034d8f86bcb57bb0a3c48ad045a4c7a76a134ccff0b8d2e7c891435ca:2:{i:0;s:13:\"_csrf-backend\";i:1;s:32:\"n0_sKlaIZCZFu-n96PF7yYKPiRyuyJgF\";}'
    '_csrf-frontend' => 'e87334cb5a29c7a559b05444e613794a5dbccee9ef78b9297896f019d0fc8f2aa:2:{i:0;s:14:\"_csrf-frontend\";i:1;s:32:\"YxCKwsl3Jf7uos6vRFA_CV5v9T60OKII\";}'
    'advanced-frontend' => 'qcm7l2ncitn977gfie1c87sl66'
    'advanced-backend' => 'i12l0l91sv8cp0acopap3cf9o3'
    '_identity-backend' => '19abbb72d18ed2a51c09eaf0341efef017a70536f598da4e4f2747d1e438e550a:2:{i:0;s:17:\"_identity-backend\";i:1;s:46:\"[3,\"qYLhupf2yY5TKFfx-BMV37rozjZUhS4Y\",2592000]\";}'
    '_identity-frontend' => 'b696a87fc5ef8b44b20f8199cad5a4bbd334ffa3347e809c3392f2ec80490f49a:2:{i:0;s:18:\"_identity-frontend\";i:1;s:46:\"[3,\"qYLhupf2yY5TKFfx-BMV37rozjZUhS4Y\",2592000]\";}'
]

$_SERVER = [
    'USER' => 'www'
    'HOME' => '/home/www'
    'HTTP_COOKIE' => '_csrf-backend=e306d86f034d8f86bcb57bb0a3c48ad045a4c7a76a134ccff0b8d2e7c891435ca%3A2%3A%7Bi%3A0%3Bs%3A13%3A%22_csrf-backend%22%3Bi%3A1%3Bs%3A32%3A%22n0_sKlaIZCZFu-n96PF7yYKPiRyuyJgF%22%3B%7D; _csrf-frontend=e87334cb5a29c7a559b05444e613794a5dbccee9ef78b9297896f019d0fc8f2aa%3A2%3A%7Bi%3A0%3Bs%3A14%3A%22_csrf-frontend%22%3Bi%3A1%3Bs%3A32%3A%22YxCKwsl3Jf7uos6vRFA_CV5v9T60OKII%22%3B%7D; advanced-frontend=qcm7l2ncitn977gfie1c87sl66; advanced-backend=i12l0l91sv8cp0acopap3cf9o3; _identity-backend=19abbb72d18ed2a51c09eaf0341efef017a70536f598da4e4f2747d1e438e550a%3A2%3A%7Bi%3A0%3Bs%3A17%3A%22_identity-backend%22%3Bi%3A1%3Bs%3A46%3A%22%5B3%2C%22qYLhupf2yY5TKFfx-BMV37rozjZUhS4Y%22%2C2592000%5D%22%3B%7D; _identity-frontend=b696a87fc5ef8b44b20f8199cad5a4bbd334ffa3347e809c3392f2ec80490f49a%3A2%3A%7Bi%3A0%3Bs%3A18%3A%22_identity-frontend%22%3Bi%3A1%3Bs%3A46%3A%22%5B3%2C%22qYLhupf2yY5TKFfx-BMV37rozjZUhS4Y%22%2C2592000%5D%22%3B%7D'
    'HTTP_ACCEPT_LANGUAGE' => 'zh-CN,zh;q=0.8'
    'HTTP_ACCEPT_ENCODING' => 'gzip, deflate'
    'HTTP_REFERER' => 'http://my.demo.com/frontend/web/index.php?r=gii%2Fdefault%2Fview&id=crud'
    'HTTP_ACCEPT' => 'text/html,application/xhtml+xml,application/xml;q=0.9,image/webp,*/*;q=0.8'
    'HTTP_CONTENT_TYPE' => 'application/x-www-form-urlencoded'
    'HTTP_USER_AGENT' => 'Mozilla/5.0 (X11; Linux x86_64) AppleWebKit/537.36 (KHTML, like Gecko) Chrome/55.0.2883.87 Safari/537.36'
    'HTTP_UPGRADE_INSECURE_REQUESTS' => '1'
    'HTTP_ORIGIN' => 'http://my.demo.com'
    'HTTP_CACHE_CONTROL' => 'max-age=0'
    'HTTP_CONTENT_LENGTH' => '519'
    'HTTP_CONNECTION' => 'keep-alive'
    'HTTP_HOST' => 'my.demo.com'
    'REDIRECT_STATUS' => '200'
    'SERVER_NAME' => 'my.demo.com'
    'SERVER_PORT' => '80'
    'SERVER_ADDR' => '127.0.0.1'
    'REMOTE_PORT' => '43330'
    'REMOTE_ADDR' => '127.0.0.1'
    'SERVER_PROTOCOL' => 'HTTP/1.1'
    'DOCUMENT_ROOT' => '/home/alex/wwwroot/demo'
    'DOCUMENT_URI' => '/frontend/web/index.php'
    'REQUEST_URI' => '/frontend/web/index.php?r=gii%2Fdefault%2Fview&id=crud'
    'SCRIPT_NAME' => '/frontend/web/index.php'
    'SCRIPT_FILENAME' => '/home/alex/wwwroot/demo/frontend/web/index.php'
    'CONTENT_LENGTH' => '519'
    'CONTENT_TYPE' => 'application/x-www-form-urlencoded'
    'REQUEST_METHOD' => 'POST'
    'QUERY_STRING' => 'r=gii%2Fdefault%2Fview&id=crud'
    'SERVER_SOFTWARE' => 'nginx'
    'GATEWAY_INTERFACE' => 'CGI/1.1'
    'FCGI_ROLE' => 'RESPONDER'
    'PHP_SELF' => '/frontend/web/index.php'
    'REQUEST_TIME_FLOAT' => 1491812352.7501
    'REQUEST_TIME' => 1491812352
]
2017-04-10 08:21:40 [127.0.0.1][-][-][error][yii\base\InvalidParamException] yii\base\InvalidParamException: Invalid path alias: @app\views\user in /home/alex/wwwroot/demo/vendor/yiisoft/yii2/BaseYii.php:152
Stack trace:
#0 /home/alex/wwwroot/demo/vendor/yiisoft/yii2-gii/generators/crud/Generator.php(208): yii\BaseYii::getAlias('@app\\views\\user')
#1 /home/alex/wwwroot/demo/vendor/yiisoft/yii2-gii/generators/crud/Generator.php(175): yii\gii\generators\crud\Generator->getViewPath()
#2 /home/alex/wwwroot/demo/vendor/yiisoft/yii2-gii/controllers/DefaultController.php(50): yii\gii\generators\crud\Generator->generate()
#3 [internal function]: yii\gii\controllers\DefaultController->actionView('crud')
#4 /home/alex/wwwroot/demo/vendor/yiisoft/yii2/base/InlineAction.php(57): call_user_func_array(Array, Array)
#5 /home/alex/wwwroot/demo/vendor/yiisoft/yii2/base/Controller.php(156): yii\base\InlineAction->runWithParams(Array)
#6 /home/alex/wwwroot/demo/vendor/yiisoft/yii2/base/Module.php(523): yii\base\Controller->runAction('view', Array)
#7 /home/alex/wwwroot/demo/vendor/yiisoft/yii2/web/Application.php(102): yii\base\Module->runAction('gii/default/vie...', Array)
#8 /home/alex/wwwroot/demo/vendor/yiisoft/yii2/base/Application.php(380): yii\web\Application->handleRequest(Object(yii\web\Request))
#9 /home/alex/wwwroot/demo/frontend/web/index.php(17): yii\base\Application->run()
#10 {main}
2017-04-10 08:21:40 [127.0.0.1][-][-][info][application] $_GET = [
    'r' => 'gii/default/view'
    'id' => 'crud'
]

$_POST = [
    '_csrf-frontend' => 'MFU1czZLMV9pLXY4QThdbHozAgZZOAcpYhN0LHUdBCkJAQNDeQB4Fg=='
    'Generator' => [
        'modelClass' => 'app\\models\\User'
        'searchModelClass' => 'app\\models\\UserSearch'
        'controllerClass' => 'app\\controllers\\UserController'
        'viewPath' => '@app\\views\\user'
        'baseControllerClass' => 'yii\\web\\Controller'
        'indexWidgetType' => 'grid'
        'enableI18N' => '0'
        'enablePjax' => '0'
        'messageCategory' => 'app'
        'template' => 'default'
    ]
    'preview' => ''
]

$_COOKIE = [
    '_csrf-backend' => 'e306d86f034d8f86bcb57bb0a3c48ad045a4c7a76a134ccff0b8d2e7c891435ca:2:{i:0;s:13:\"_csrf-backend\";i:1;s:32:\"n0_sKlaIZCZFu-n96PF7yYKPiRyuyJgF\";}'
    '_csrf-frontend' => 'e87334cb5a29c7a559b05444e613794a5dbccee9ef78b9297896f019d0fc8f2aa:2:{i:0;s:14:\"_csrf-frontend\";i:1;s:32:\"YxCKwsl3Jf7uos6vRFA_CV5v9T60OKII\";}'
    'advanced-frontend' => 'qcm7l2ncitn977gfie1c87sl66'
    'advanced-backend' => 'i12l0l91sv8cp0acopap3cf9o3'
    '_identity-backend' => '19abbb72d18ed2a51c09eaf0341efef017a70536f598da4e4f2747d1e438e550a:2:{i:0;s:17:\"_identity-backend\";i:1;s:46:\"[3,\"qYLhupf2yY5TKFfx-BMV37rozjZUhS4Y\",2592000]\";}'
    '_identity-frontend' => 'b696a87fc5ef8b44b20f8199cad5a4bbd334ffa3347e809c3392f2ec80490f49a:2:{i:0;s:18:\"_identity-frontend\";i:1;s:46:\"[3,\"qYLhupf2yY5TKFfx-BMV37rozjZUhS4Y\",2592000]\";}'
]

$_SERVER = [
    'USER' => 'www'
    'HOME' => '/home/www'
    'HTTP_COOKIE' => '_csrf-backend=e306d86f034d8f86bcb57bb0a3c48ad045a4c7a76a134ccff0b8d2e7c891435ca%3A2%3A%7Bi%3A0%3Bs%3A13%3A%22_csrf-backend%22%3Bi%3A1%3Bs%3A32%3A%22n0_sKlaIZCZFu-n96PF7yYKPiRyuyJgF%22%3B%7D; _csrf-frontend=e87334cb5a29c7a559b05444e613794a5dbccee9ef78b9297896f019d0fc8f2aa%3A2%3A%7Bi%3A0%3Bs%3A14%3A%22_csrf-frontend%22%3Bi%3A1%3Bs%3A32%3A%22YxCKwsl3Jf7uos6vRFA_CV5v9T60OKII%22%3B%7D; advanced-frontend=qcm7l2ncitn977gfie1c87sl66; advanced-backend=i12l0l91sv8cp0acopap3cf9o3; _identity-backend=19abbb72d18ed2a51c09eaf0341efef017a70536f598da4e4f2747d1e438e550a%3A2%3A%7Bi%3A0%3Bs%3A17%3A%22_identity-backend%22%3Bi%3A1%3Bs%3A46%3A%22%5B3%2C%22qYLhupf2yY5TKFfx-BMV37rozjZUhS4Y%22%2C2592000%5D%22%3B%7D; _identity-frontend=b696a87fc5ef8b44b20f8199cad5a4bbd334ffa3347e809c3392f2ec80490f49a%3A2%3A%7Bi%3A0%3Bs%3A18%3A%22_identity-frontend%22%3Bi%3A1%3Bs%3A46%3A%22%5B3%2C%22qYLhupf2yY5TKFfx-BMV37rozjZUhS4Y%22%2C2592000%5D%22%3B%7D'
    'HTTP_ACCEPT_LANGUAGE' => 'zh-CN,zh;q=0.8'
    'HTTP_ACCEPT_ENCODING' => 'gzip, deflate'
    'HTTP_REFERER' => 'http://my.demo.com/frontend/web/index.php?r=gii%2Fdefault%2Fview&id=crud'
    'HTTP_ACCEPT' => 'text/html,application/xhtml+xml,application/xml;q=0.9,image/webp,*/*;q=0.8'
    'HTTP_CONTENT_TYPE' => 'application/x-www-form-urlencoded'
    'HTTP_USER_AGENT' => 'Mozilla/5.0 (X11; Linux x86_64) AppleWebKit/537.36 (KHTML, like Gecko) Chrome/55.0.2883.87 Safari/537.36'
    'HTTP_UPGRADE_INSECURE_REQUESTS' => '1'
    'HTTP_ORIGIN' => 'http://my.demo.com'
    'HTTP_CACHE_CONTROL' => 'max-age=0'
    'HTTP_CONTENT_LENGTH' => '517'
    'HTTP_CONNECTION' => 'keep-alive'
    'HTTP_HOST' => 'my.demo.com'
    'REDIRECT_STATUS' => '200'
    'SERVER_NAME' => 'my.demo.com'
    'SERVER_PORT' => '80'
    'SERVER_ADDR' => '127.0.0.1'
    'REMOTE_PORT' => '43404'
    'REMOTE_ADDR' => '127.0.0.1'
    'SERVER_PROTOCOL' => 'HTTP/1.1'
    'DOCUMENT_ROOT' => '/home/alex/wwwroot/demo'
    'DOCUMENT_URI' => '/frontend/web/index.php'
    'REQUEST_URI' => '/frontend/web/index.php?r=gii%2Fdefault%2Fview&id=crud'
    'SCRIPT_NAME' => '/frontend/web/index.php'
    'SCRIPT_FILENAME' => '/home/alex/wwwroot/demo/frontend/web/index.php'
    'CONTENT_LENGTH' => '517'
    'CONTENT_TYPE' => 'application/x-www-form-urlencoded'
    'REQUEST_METHOD' => 'POST'
    'QUERY_STRING' => 'r=gii%2Fdefault%2Fview&id=crud'
    'SERVER_SOFTWARE' => 'nginx'
    'GATEWAY_INTERFACE' => 'CGI/1.1'
    'FCGI_ROLE' => 'RESPONDER'
    'PHP_SELF' => '/frontend/web/index.php'
    'REQUEST_TIME_FLOAT' => 1491812500.0466
    'REQUEST_TIME' => 1491812500
]
2017-04-10 08:22:58 [127.0.0.1][-][-][error][yii\base\InvalidParamException] yii\base\InvalidParamException: Invalid path alias: @app\views\user in /home/alex/wwwroot/demo/vendor/yiisoft/yii2/BaseYii.php:152
Stack trace:
#0 /home/alex/wwwroot/demo/vendor/yiisoft/yii2-gii/generators/crud/Generator.php(208): yii\BaseYii::getAlias('@app\\views\\user')
#1 /home/alex/wwwroot/demo/vendor/yiisoft/yii2-gii/generators/crud/Generator.php(175): yii\gii\generators\crud\Generator->getViewPath()
#2 /home/alex/wwwroot/demo/vendor/yiisoft/yii2-gii/controllers/DefaultController.php(50): yii\gii\generators\crud\Generator->generate()
#3 [internal function]: yii\gii\controllers\DefaultController->actionView('crud')
#4 /home/alex/wwwroot/demo/vendor/yiisoft/yii2/base/InlineAction.php(57): call_user_func_array(Array, Array)
#5 /home/alex/wwwroot/demo/vendor/yiisoft/yii2/base/Controller.php(156): yii\base\InlineAction->runWithParams(Array)
#6 /home/alex/wwwroot/demo/vendor/yiisoft/yii2/base/Module.php(523): yii\base\Controller->runAction('view', Array)
#7 /home/alex/wwwroot/demo/vendor/yiisoft/yii2/web/Application.php(102): yii\base\Module->runAction('gii/default/vie...', Array)
#8 /home/alex/wwwroot/demo/vendor/yiisoft/yii2/base/Application.php(380): yii\web\Application->handleRequest(Object(yii\web\Request))
#9 /home/alex/wwwroot/demo/frontend/web/index.php(17): yii\base\Application->run()
#10 {main}
2017-04-10 08:22:58 [127.0.0.1][-][-][info][application] $_GET = [
    'r' => 'gii/default/view'
    'id' => 'crud'
]

$_POST = [
    '_csrf-frontend' => 'dk5vOWkwU2gvNixyHkM/WzwoWEwGQ2UeJAguZipmZh5PGlkJJnsaIQ=='
    'Generator' => [
        'modelClass' => 'app\\models\\User'
        'searchModelClass' => 'app\\models\\UserSearch'
        'controllerClass' => 'app\\controllers\\UserController'
        'viewPath' => '@app\\views\\user'
        'baseControllerClass' => 'yii\\web\\Controller'
        'indexWidgetType' => 'grid'
        'enableI18N' => '0'
        'enablePjax' => '0'
        'messageCategory' => 'app'
        'template' => 'default'
    ]
    'preview' => ''
]

$_COOKIE = [
    '_csrf-backend' => 'e306d86f034d8f86bcb57bb0a3c48ad045a4c7a76a134ccff0b8d2e7c891435ca:2:{i:0;s:13:\"_csrf-backend\";i:1;s:32:\"n0_sKlaIZCZFu-n96PF7yYKPiRyuyJgF\";}'
    '_csrf-frontend' => 'e87334cb5a29c7a559b05444e613794a5dbccee9ef78b9297896f019d0fc8f2aa:2:{i:0;s:14:\"_csrf-frontend\";i:1;s:32:\"YxCKwsl3Jf7uos6vRFA_CV5v9T60OKII\";}'
    'advanced-frontend' => 'qcm7l2ncitn977gfie1c87sl66'
    'advanced-backend' => 'i12l0l91sv8cp0acopap3cf9o3'
    '_identity-backend' => '19abbb72d18ed2a51c09eaf0341efef017a70536f598da4e4f2747d1e438e550a:2:{i:0;s:17:\"_identity-backend\";i:1;s:46:\"[3,\"qYLhupf2yY5TKFfx-BMV37rozjZUhS4Y\",2592000]\";}'
    '_identity-frontend' => 'b696a87fc5ef8b44b20f8199cad5a4bbd334ffa3347e809c3392f2ec80490f49a:2:{i:0;s:18:\"_identity-frontend\";i:1;s:46:\"[3,\"qYLhupf2yY5TKFfx-BMV37rozjZUhS4Y\",2592000]\";}'
]

$_SERVER = [
    'USER' => 'www'
    'HOME' => '/home/www'
    'HTTP_COOKIE' => '_csrf-backend=e306d86f034d8f86bcb57bb0a3c48ad045a4c7a76a134ccff0b8d2e7c891435ca%3A2%3A%7Bi%3A0%3Bs%3A13%3A%22_csrf-backend%22%3Bi%3A1%3Bs%3A32%3A%22n0_sKlaIZCZFu-n96PF7yYKPiRyuyJgF%22%3B%7D; _csrf-frontend=e87334cb5a29c7a559b05444e613794a5dbccee9ef78b9297896f019d0fc8f2aa%3A2%3A%7Bi%3A0%3Bs%3A14%3A%22_csrf-frontend%22%3Bi%3A1%3Bs%3A32%3A%22YxCKwsl3Jf7uos6vRFA_CV5v9T60OKII%22%3B%7D; advanced-frontend=qcm7l2ncitn977gfie1c87sl66; advanced-backend=i12l0l91sv8cp0acopap3cf9o3; _identity-backend=19abbb72d18ed2a51c09eaf0341efef017a70536f598da4e4f2747d1e438e550a%3A2%3A%7Bi%3A0%3Bs%3A17%3A%22_identity-backend%22%3Bi%3A1%3Bs%3A46%3A%22%5B3%2C%22qYLhupf2yY5TKFfx-BMV37rozjZUhS4Y%22%2C2592000%5D%22%3B%7D; _identity-frontend=b696a87fc5ef8b44b20f8199cad5a4bbd334ffa3347e809c3392f2ec80490f49a%3A2%3A%7Bi%3A0%3Bs%3A18%3A%22_identity-frontend%22%3Bi%3A1%3Bs%3A46%3A%22%5B3%2C%22qYLhupf2yY5TKFfx-BMV37rozjZUhS4Y%22%2C2592000%5D%22%3B%7D'
    'HTTP_ACCEPT_LANGUAGE' => 'zh-CN,zh;q=0.8'
    'HTTP_ACCEPT_ENCODING' => 'gzip, deflate'
    'HTTP_REFERER' => 'http://my.demo.com/frontend/web/index.php?r=gii%2Fdefault%2Fview&id=crud'
    'HTTP_ACCEPT' => 'text/html,application/xhtml+xml,application/xml;q=0.9,image/webp,*/*;q=0.8'
    'HTTP_CONTENT_TYPE' => 'application/x-www-form-urlencoded'
    'HTTP_USER_AGENT' => 'Mozilla/5.0 (X11; Linux x86_64) AppleWebKit/537.36 (KHTML, like Gecko) Chrome/55.0.2883.87 Safari/537.36'
    'HTTP_UPGRADE_INSECURE_REQUESTS' => '1'
    'HTTP_ORIGIN' => 'http://my.demo.com'
    'HTTP_CACHE_CONTROL' => 'max-age=0'
    'HTTP_CONTENT_LENGTH' => '519'
    'HTTP_CONNECTION' => 'keep-alive'
    'HTTP_HOST' => 'my.demo.com'
    'REDIRECT_STATUS' => '200'
    'SERVER_NAME' => 'my.demo.com'
    'SERVER_PORT' => '80'
    'SERVER_ADDR' => '127.0.0.1'
    'REMOTE_PORT' => '43414'
    'REMOTE_ADDR' => '127.0.0.1'
    'SERVER_PROTOCOL' => 'HTTP/1.1'
    'DOCUMENT_ROOT' => '/home/alex/wwwroot/demo'
    'DOCUMENT_URI' => '/frontend/web/index.php'
    'REQUEST_URI' => '/frontend/web/index.php?r=gii%2Fdefault%2Fview&id=crud'
    'SCRIPT_NAME' => '/frontend/web/index.php'
    'SCRIPT_FILENAME' => '/home/alex/wwwroot/demo/frontend/web/index.php'
    'CONTENT_LENGTH' => '519'
    'CONTENT_TYPE' => 'application/x-www-form-urlencoded'
    'REQUEST_METHOD' => 'POST'
    'QUERY_STRING' => 'r=gii%2Fdefault%2Fview&id=crud'
    'SERVER_SOFTWARE' => 'nginx'
    'GATEWAY_INTERFACE' => 'CGI/1.1'
    'FCGI_ROLE' => 'RESPONDER'
    'PHP_SELF' => '/frontend/web/index.php'
    'REQUEST_TIME_FLOAT' => 1491812578.4873
    'REQUEST_TIME' => 1491812578
]
2017-04-10 08:24:33 [127.0.0.1][-][-][error][yii\base\UnknownClassException] yii\base\UnknownClassException: Unable to find 'frontend\controllers\UserController' in file: /home/alex/wwwroot/demo/frontend/controllers/UserController.php. Namespace missing? in /home/alex/wwwroot/demo/vendor/yiisoft/yii2/BaseYii.php:291
Stack trace:
#0 [internal function]: yii\BaseYii::autoload('frontend\\contro...')
#1 [internal function]: spl_autoload_call('frontend\\contro...')
#2 /home/alex/wwwroot/demo/vendor/yiisoft/yii2/base/Module.php(633): class_exists('frontend\\contro...')
#3 /home/alex/wwwroot/demo/vendor/yiisoft/yii2/base/Module.php(591): yii\base\Module->createControllerByID('user')
#4 /home/alex/wwwroot/demo/vendor/yiisoft/yii2/base/Module.php(517): yii\base\Module->createController('')
#5 /home/alex/wwwroot/demo/vendor/yiisoft/yii2/web/Application.php(102): yii\base\Module->runAction('user', Array)
#6 /home/alex/wwwroot/demo/vendor/yiisoft/yii2/base/Application.php(380): yii\web\Application->handleRequest(Object(yii\web\Request))
#7 /home/alex/wwwroot/demo/frontend/web/index.php(17): yii\base\Application->run()
#8 {main}
2017-04-10 08:24:33 [127.0.0.1][-][-][info][application] $_GET = [
    'r' => 'user'
]

$_COOKIE = [
    '_csrf-backend' => 'e306d86f034d8f86bcb57bb0a3c48ad045a4c7a76a134ccff0b8d2e7c891435ca:2:{i:0;s:13:\"_csrf-backend\";i:1;s:32:\"n0_sKlaIZCZFu-n96PF7yYKPiRyuyJgF\";}'
    '_csrf-frontend' => 'e87334cb5a29c7a559b05444e613794a5dbccee9ef78b9297896f019d0fc8f2aa:2:{i:0;s:14:\"_csrf-frontend\";i:1;s:32:\"YxCKwsl3Jf7uos6vRFA_CV5v9T60OKII\";}'
    'advanced-frontend' => 'qcm7l2ncitn977gfie1c87sl66'
    'advanced-backend' => 'i12l0l91sv8cp0acopap3cf9o3'
    '_identity-backend' => '19abbb72d18ed2a51c09eaf0341efef017a70536f598da4e4f2747d1e438e550a:2:{i:0;s:17:\"_identity-backend\";i:1;s:46:\"[3,\"qYLhupf2yY5TKFfx-BMV37rozjZUhS4Y\",2592000]\";}'
    '_identity-frontend' => 'b696a87fc5ef8b44b20f8199cad5a4bbd334ffa3347e809c3392f2ec80490f49a:2:{i:0;s:18:\"_identity-frontend\";i:1;s:46:\"[3,\"qYLhupf2yY5TKFfx-BMV37rozjZUhS4Y\",2592000]\";}'
]

$_SERVER = [
    'USER' => 'www'
    'HOME' => '/home/www'
    'HTTP_COOKIE' => '_csrf-backend=e306d86f034d8f86bcb57bb0a3c48ad045a4c7a76a134ccff0b8d2e7c891435ca%3A2%3A%7Bi%3A0%3Bs%3A13%3A%22_csrf-backend%22%3Bi%3A1%3Bs%3A32%3A%22n0_sKlaIZCZFu-n96PF7yYKPiRyuyJgF%22%3B%7D; _csrf-frontend=e87334cb5a29c7a559b05444e613794a5dbccee9ef78b9297896f019d0fc8f2aa%3A2%3A%7Bi%3A0%3Bs%3A14%3A%22_csrf-frontend%22%3Bi%3A1%3Bs%3A32%3A%22YxCKwsl3Jf7uos6vRFA_CV5v9T60OKII%22%3B%7D; advanced-frontend=qcm7l2ncitn977gfie1c87sl66; advanced-backend=i12l0l91sv8cp0acopap3cf9o3; _identity-backend=19abbb72d18ed2a51c09eaf0341efef017a70536f598da4e4f2747d1e438e550a%3A2%3A%7Bi%3A0%3Bs%3A17%3A%22_identity-backend%22%3Bi%3A1%3Bs%3A46%3A%22%5B3%2C%22qYLhupf2yY5TKFfx-BMV37rozjZUhS4Y%22%2C2592000%5D%22%3B%7D; _identity-frontend=b696a87fc5ef8b44b20f8199cad5a4bbd334ffa3347e809c3392f2ec80490f49a%3A2%3A%7Bi%3A0%3Bs%3A18%3A%22_identity-frontend%22%3Bi%3A1%3Bs%3A46%3A%22%5B3%2C%22qYLhupf2yY5TKFfx-BMV37rozjZUhS4Y%22%2C2592000%5D%22%3B%7D'
    'HTTP_ACCEPT_LANGUAGE' => 'zh-CN,zh;q=0.8'
    'HTTP_ACCEPT_ENCODING' => 'gzip, deflate, sdch'
    'HTTP_ACCEPT' => 'text/html,application/xhtml+xml,application/xml;q=0.9,image/webp,*/*;q=0.8'
    'HTTP_USER_AGENT' => 'Mozilla/5.0 (X11; Linux x86_64) AppleWebKit/537.36 (KHTML, like Gecko) Chrome/55.0.2883.87 Safari/537.36'
    'HTTP_UPGRADE_INSECURE_REQUESTS' => '1'
    'HTTP_CONNECTION' => 'keep-alive'
    'HTTP_HOST' => 'my.demo.com'
    'REDIRECT_STATUS' => '200'
    'SERVER_NAME' => 'my.demo.com'
    'SERVER_PORT' => '80'
    'SERVER_ADDR' => '127.0.0.1'
    'REMOTE_PORT' => '43426'
    'REMOTE_ADDR' => '127.0.0.1'
    'SERVER_PROTOCOL' => 'HTTP/1.1'
    'DOCUMENT_ROOT' => '/home/alex/wwwroot/demo'
    'DOCUMENT_URI' => '/frontend/web/index.php'
    'REQUEST_URI' => '/frontend/web/index.php?r=user'
    'SCRIPT_NAME' => '/frontend/web/index.php'
    'SCRIPT_FILENAME' => '/home/alex/wwwroot/demo/frontend/web/index.php'
    'CONTENT_LENGTH' => ''
    'CONTENT_TYPE' => ''
    'REQUEST_METHOD' => 'GET'
    'QUERY_STRING' => 'r=user'
    'SERVER_SOFTWARE' => 'nginx'
    'GATEWAY_INTERFACE' => 'CGI/1.1'
    'FCGI_ROLE' => 'RESPONDER'
    'PHP_SELF' => '/frontend/web/index.php'
    'REQUEST_TIME_FLOAT' => 1491812673.0589
    'REQUEST_TIME' => 1491812673
]
2017-04-10 08:25:34 [127.0.0.1][-][-][error][yii\base\UnknownClassException] yii\base\UnknownClassException: Unable to find 'frontend\models\UserSearch' in file: /home/alex/wwwroot/demo/frontend/models/UserSearch.php. Namespace missing? in /home/alex/wwwroot/demo/vendor/yiisoft/yii2/BaseYii.php:291
Stack trace:
#0 [internal function]: yii\BaseYii::autoload('frontend\\models...')
#1 /home/alex/wwwroot/demo/frontend/controllers/UserController.php(38): spl_autoload_call('frontend\\models...')
#2 [internal function]: frontend\controllers\UserController->actionIndex()
#3 /home/alex/wwwroot/demo/vendor/yiisoft/yii2/base/InlineAction.php(57): call_user_func_array(Array, Array)
#4 /home/alex/wwwroot/demo/vendor/yiisoft/yii2/base/Controller.php(156): yii\base\InlineAction->runWithParams(Array)
#5 /home/alex/wwwroot/demo/vendor/yiisoft/yii2/base/Module.php(523): yii\base\Controller->runAction('', Array)
#6 /home/alex/wwwroot/demo/vendor/yiisoft/yii2/web/Application.php(102): yii\base\Module->runAction('user', Array)
#7 /home/alex/wwwroot/demo/vendor/yiisoft/yii2/base/Application.php(380): yii\web\Application->handleRequest(Object(yii\web\Request))
#8 /home/alex/wwwroot/demo/frontend/web/index.php(17): yii\base\Application->run()
#9 {main}
2017-04-10 08:25:34 [127.0.0.1][-][-][info][application] $_GET = [
    'r' => 'user'
]

$_COOKIE = [
    '_csrf-backend' => 'e306d86f034d8f86bcb57bb0a3c48ad045a4c7a76a134ccff0b8d2e7c891435ca:2:{i:0;s:13:\"_csrf-backend\";i:1;s:32:\"n0_sKlaIZCZFu-n96PF7yYKPiRyuyJgF\";}'
    '_csrf-frontend' => 'e87334cb5a29c7a559b05444e613794a5dbccee9ef78b9297896f019d0fc8f2aa:2:{i:0;s:14:\"_csrf-frontend\";i:1;s:32:\"YxCKwsl3Jf7uos6vRFA_CV5v9T60OKII\";}'
    'advanced-frontend' => 'qcm7l2ncitn977gfie1c87sl66'
    'advanced-backend' => 'i12l0l91sv8cp0acopap3cf9o3'
    '_identity-backend' => '19abbb72d18ed2a51c09eaf0341efef017a70536f598da4e4f2747d1e438e550a:2:{i:0;s:17:\"_identity-backend\";i:1;s:46:\"[3,\"qYLhupf2yY5TKFfx-BMV37rozjZUhS4Y\",2592000]\";}'
    '_identity-frontend' => 'b696a87fc5ef8b44b20f8199cad5a4bbd334ffa3347e809c3392f2ec80490f49a:2:{i:0;s:18:\"_identity-frontend\";i:1;s:46:\"[3,\"qYLhupf2yY5TKFfx-BMV37rozjZUhS4Y\",2592000]\";}'
]

$_SERVER = [
    'USER' => 'www'
    'HOME' => '/home/www'
    'HTTP_COOKIE' => '_csrf-backend=e306d86f034d8f86bcb57bb0a3c48ad045a4c7a76a134ccff0b8d2e7c891435ca%3A2%3A%7Bi%3A0%3Bs%3A13%3A%22_csrf-backend%22%3Bi%3A1%3Bs%3A32%3A%22n0_sKlaIZCZFu-n96PF7yYKPiRyuyJgF%22%3B%7D; _csrf-frontend=e87334cb5a29c7a559b05444e613794a5dbccee9ef78b9297896f019d0fc8f2aa%3A2%3A%7Bi%3A0%3Bs%3A14%3A%22_csrf-frontend%22%3Bi%3A1%3Bs%3A32%3A%22YxCKwsl3Jf7uos6vRFA_CV5v9T60OKII%22%3B%7D; advanced-frontend=qcm7l2ncitn977gfie1c87sl66; advanced-backend=i12l0l91sv8cp0acopap3cf9o3; _identity-backend=19abbb72d18ed2a51c09eaf0341efef017a70536f598da4e4f2747d1e438e550a%3A2%3A%7Bi%3A0%3Bs%3A17%3A%22_identity-backend%22%3Bi%3A1%3Bs%3A46%3A%22%5B3%2C%22qYLhupf2yY5TKFfx-BMV37rozjZUhS4Y%22%2C2592000%5D%22%3B%7D; _identity-frontend=b696a87fc5ef8b44b20f8199cad5a4bbd334ffa3347e809c3392f2ec80490f49a%3A2%3A%7Bi%3A0%3Bs%3A18%3A%22_identity-frontend%22%3Bi%3A1%3Bs%3A46%3A%22%5B3%2C%22qYLhupf2yY5TKFfx-BMV37rozjZUhS4Y%22%2C2592000%5D%22%3B%7D'
    'HTTP_ACCEPT_LANGUAGE' => 'zh-CN,zh;q=0.8'
    'HTTP_ACCEPT_ENCODING' => 'gzip, deflate, sdch'
    'HTTP_ACCEPT' => 'text/html,application/xhtml+xml,application/xml;q=0.9,image/webp,*/*;q=0.8'
    'HTTP_USER_AGENT' => 'Mozilla/5.0 (X11; Linux x86_64) AppleWebKit/537.36 (KHTML, like Gecko) Chrome/55.0.2883.87 Safari/537.36'
    'HTTP_UPGRADE_INSECURE_REQUESTS' => '1'
    'HTTP_CACHE_CONTROL' => 'max-age=0'
    'HTTP_CONNECTION' => 'keep-alive'
    'HTTP_HOST' => 'my.demo.com'
    'REDIRECT_STATUS' => '200'
    'SERVER_NAME' => 'my.demo.com'
    'SERVER_PORT' => '80'
    'SERVER_ADDR' => '127.0.0.1'
    'REMOTE_PORT' => '43426'
    'REMOTE_ADDR' => '127.0.0.1'
    'SERVER_PROTOCOL' => 'HTTP/1.1'
    'DOCUMENT_ROOT' => '/home/alex/wwwroot/demo'
    'DOCUMENT_URI' => '/frontend/web/index.php'
    'REQUEST_URI' => '/frontend/web/index.php?r=user'
    'SCRIPT_NAME' => '/frontend/web/index.php'
    'SCRIPT_FILENAME' => '/home/alex/wwwroot/demo/frontend/web/index.php'
    'CONTENT_LENGTH' => ''
    'CONTENT_TYPE' => ''
    'REQUEST_METHOD' => 'GET'
    'QUERY_STRING' => 'r=user'
    'SERVER_SOFTWARE' => 'nginx'
    'GATEWAY_INTERFACE' => 'CGI/1.1'
    'FCGI_ROLE' => 'RESPONDER'
    'PHP_SELF' => '/frontend/web/index.php'
    'REQUEST_TIME_FLOAT' => 1491812734.6765
    'REQUEST_TIME' => 1491812734
]
2017-04-10 08:25:36 [127.0.0.1][-][-][error][yii\base\UnknownClassException] yii\base\UnknownClassException: Unable to find 'frontend\models\UserSearch' in file: /home/alex/wwwroot/demo/frontend/models/UserSearch.php. Namespace missing? in /home/alex/wwwroot/demo/vendor/yiisoft/yii2/BaseYii.php:291
Stack trace:
#0 [internal function]: yii\BaseYii::autoload('frontend\\models...')
#1 /home/alex/wwwroot/demo/frontend/controllers/UserController.php(38): spl_autoload_call('frontend\\models...')
#2 [internal function]: frontend\controllers\UserController->actionIndex()
#3 /home/alex/wwwroot/demo/vendor/yiisoft/yii2/base/InlineAction.php(57): call_user_func_array(Array, Array)
#4 /home/alex/wwwroot/demo/vendor/yiisoft/yii2/base/Controller.php(156): yii\base\InlineAction->runWithParams(Array)
#5 /home/alex/wwwroot/demo/vendor/yiisoft/yii2/base/Module.php(523): yii\base\Controller->runAction('', Array)
#6 /home/alex/wwwroot/demo/vendor/yiisoft/yii2/web/Application.php(102): yii\base\Module->runAction('user', Array)
#7 /home/alex/wwwroot/demo/vendor/yiisoft/yii2/base/Application.php(380): yii\web\Application->handleRequest(Object(yii\web\Request))
#8 /home/alex/wwwroot/demo/frontend/web/index.php(17): yii\base\Application->run()
#9 {main}
2017-04-10 08:25:36 [127.0.0.1][-][-][info][application] $_GET = [
    'r' => 'user'
]

$_COOKIE = [
    '_csrf-backend' => 'e306d86f034d8f86bcb57bb0a3c48ad045a4c7a76a134ccff0b8d2e7c891435ca:2:{i:0;s:13:\"_csrf-backend\";i:1;s:32:\"n0_sKlaIZCZFu-n96PF7yYKPiRyuyJgF\";}'
    '_csrf-frontend' => 'e87334cb5a29c7a559b05444e613794a5dbccee9ef78b9297896f019d0fc8f2aa:2:{i:0;s:14:\"_csrf-frontend\";i:1;s:32:\"YxCKwsl3Jf7uos6vRFA_CV5v9T60OKII\";}'
    'advanced-frontend' => 'qcm7l2ncitn977gfie1c87sl66'
    'advanced-backend' => 'i12l0l91sv8cp0acopap3cf9o3'
    '_identity-backend' => '19abbb72d18ed2a51c09eaf0341efef017a70536f598da4e4f2747d1e438e550a:2:{i:0;s:17:\"_identity-backend\";i:1;s:46:\"[3,\"qYLhupf2yY5TKFfx-BMV37rozjZUhS4Y\",2592000]\";}'
    '_identity-frontend' => 'b696a87fc5ef8b44b20f8199cad5a4bbd334ffa3347e809c3392f2ec80490f49a:2:{i:0;s:18:\"_identity-frontend\";i:1;s:46:\"[3,\"qYLhupf2yY5TKFfx-BMV37rozjZUhS4Y\",2592000]\";}'
]

$_SERVER = [
    'USER' => 'www'
    'HOME' => '/home/www'
    'HTTP_COOKIE' => '_csrf-backend=e306d86f034d8f86bcb57bb0a3c48ad045a4c7a76a134ccff0b8d2e7c891435ca%3A2%3A%7Bi%3A0%3Bs%3A13%3A%22_csrf-backend%22%3Bi%3A1%3Bs%3A32%3A%22n0_sKlaIZCZFu-n96PF7yYKPiRyuyJgF%22%3B%7D; _csrf-frontend=e87334cb5a29c7a559b05444e613794a5dbccee9ef78b9297896f019d0fc8f2aa%3A2%3A%7Bi%3A0%3Bs%3A14%3A%22_csrf-frontend%22%3Bi%3A1%3Bs%3A32%3A%22YxCKwsl3Jf7uos6vRFA_CV5v9T60OKII%22%3B%7D; advanced-frontend=qcm7l2ncitn977gfie1c87sl66; advanced-backend=i12l0l91sv8cp0acopap3cf9o3; _identity-backend=19abbb72d18ed2a51c09eaf0341efef017a70536f598da4e4f2747d1e438e550a%3A2%3A%7Bi%3A0%3Bs%3A17%3A%22_identity-backend%22%3Bi%3A1%3Bs%3A46%3A%22%5B3%2C%22qYLhupf2yY5TKFfx-BMV37rozjZUhS4Y%22%2C2592000%5D%22%3B%7D; _identity-frontend=b696a87fc5ef8b44b20f8199cad5a4bbd334ffa3347e809c3392f2ec80490f49a%3A2%3A%7Bi%3A0%3Bs%3A18%3A%22_identity-frontend%22%3Bi%3A1%3Bs%3A46%3A%22%5B3%2C%22qYLhupf2yY5TKFfx-BMV37rozjZUhS4Y%22%2C2592000%5D%22%3B%7D'
    'HTTP_ACCEPT_LANGUAGE' => 'zh-CN,zh;q=0.8'
    'HTTP_ACCEPT_ENCODING' => 'gzip, deflate, sdch'
    'HTTP_ACCEPT' => 'text/html,application/xhtml+xml,application/xml;q=0.9,image/webp,*/*;q=0.8'
    'HTTP_USER_AGENT' => 'Mozilla/5.0 (X11; Linux x86_64) AppleWebKit/537.36 (KHTML, like Gecko) Chrome/55.0.2883.87 Safari/537.36'
    'HTTP_UPGRADE_INSECURE_REQUESTS' => '1'
    'HTTP_CACHE_CONTROL' => 'max-age=0'
    'HTTP_CONNECTION' => 'keep-alive'
    'HTTP_HOST' => 'my.demo.com'
    'REDIRECT_STATUS' => '200'
    'SERVER_NAME' => 'my.demo.com'
    'SERVER_PORT' => '80'
    'SERVER_ADDR' => '127.0.0.1'
    'REMOTE_PORT' => '43426'
    'REMOTE_ADDR' => '127.0.0.1'
    'SERVER_PROTOCOL' => 'HTTP/1.1'
    'DOCUMENT_ROOT' => '/home/alex/wwwroot/demo'
    'DOCUMENT_URI' => '/frontend/web/index.php'
    'REQUEST_URI' => '/frontend/web/index.php?r=user'
    'SCRIPT_NAME' => '/frontend/web/index.php'
    'SCRIPT_FILENAME' => '/home/alex/wwwroot/demo/frontend/web/index.php'
    'CONTENT_LENGTH' => ''
    'CONTENT_TYPE' => ''
    'REQUEST_METHOD' => 'GET'
    'QUERY_STRING' => 'r=user'
    'SERVER_SOFTWARE' => 'nginx'
    'GATEWAY_INTERFACE' => 'CGI/1.1'
    'FCGI_ROLE' => 'RESPONDER'
    'PHP_SELF' => '/frontend/web/index.php'
    'REQUEST_TIME_FLOAT' => 1491812736.1105
    'REQUEST_TIME' => 1491812736
]
